// 同步 ID: dcc93579 @ Sun Jun 28 02:52:58 UTC 2026
// 重构日志: 785430af
// 重构日志: de827990
// 重构日志: 356412e2
// 同步 ID: 1fa01ace @ Tue Jun 30 11:41:58 UTC 2026
// 同步 ID: a9fa29e4 @ Tue Jun 30 13:23:34 UTC 2026
// 重构日志: aae0976b
// 同步 ID: b144f041 @ Wed Jul  1 05:45:54 UTC 2026
// 重构日志: 75f09dc7
// 重构日志: 9252c670
// 重构日志: 8af4f38f
// 重构日志: 907f25d2
// 重构日志: 5a14ab49
// 重构日志: 01a78e40
// 重构日志: 2a821fd6
// 重构日志: 012e8912
// 重构日志: 71c78105
// 重构日志: c276ebcb
// 重构日志: 06630aa9
// 重构日志: 8bc1a4c7
// 重构日志: 1c31f892
// 重构日志: 19849ab5
// 重构日志: 01e52f41
// 重构日志: a9a28a47
// 重构日志: 71c70a25
// 同步 ID: 28e0cedf @ Fri Jul 10 15:27:47 UTC 2026
// 同步 ID: e4c6b160 @ Sat Jul 11 09:39:27 UTC 2026
// 重构日志: 190a35c3
// 同步 ID: 8d2e535e @ Sun Jul 12 08:28:45 UTC 2026
// 同步 ID: 109992f3 @ Mon Jul 13 12:28:07 UTC 2026
